<?xml version="1.0" encoding="UTF-8"?>
<testsuite xmlns:xsi="http://www.w3.org/2001/XMLSchema-instance" xsi:noNamespaceSchemaLocation="https://maven.apache.org/surefire/maven-failsafe-plugin/xsd/failsafe-test-report-3.0.xsd" version="3.0" name="runnings.Running" time="23.735" tests="4" errors="2" skipped="2" failures="0">
  <properties>
    <property name="sun.desktop" value="windows"/>
    <property name="awt.toolkit" value="sun.awt.windows.WToolkit"/>
    <property name="file.encoding.pkg" value="sun.io"/>
    <property name="java.specification.version" value="1.8"/>
    <property name="sun.cpu.isalist" value="amd64"/>
    <property name="sun.jnu.encoding" value="Cp1252"/>
    <property name="java.class.path" value="C:\Users\i7\Desktop\PROYECTOS\APPIUM FALABELLA\proyecto_appium_falabella\target\test-classes;C:\Users\i7\Desktop\PROYECTOS\APPIUM FALABELLA\proyecto_appium_falabella\target\proyecto_appium_falabella-1.0-SNAPSHOT.jar;C:\Users\i7\.m2\repository\com\google\guava\guava\23.0\guava-23.0.jar;C:\Users\i7\.m2\repository\com\google\code\findbugs\jsr305\1.3.9\jsr305-1.3.9.jar;C:\Users\i7\.m2\repository\com\google\errorprone\error_prone_annotations\2.0.18\error_prone_annotations-2.0.18.jar;C:\Users\i7\.m2\repository\com\google\j2objc\j2objc-annotations\1.1\j2objc-annotations-1.1.jar;C:\Users\i7\.m2\repository\org\codehaus\mojo\animal-sniffer-annotations\1.14\animal-sniffer-annotations-1.14.jar;C:\Users\i7\.m2\repository\junit\junit\4.12\junit-4.12.jar;C:\Users\i7\.m2\repository\org\hamcrest\hamcrest-core\1.3\hamcrest-core-1.3.jar;C:\Users\i7\.m2\repository\org\seleniumhq\selenium\selenium-java\3.141.59\selenium-java-3.141.59.jar;C:\Users\i7\.m2\repository\org\seleniumhq\selenium\selenium-edge-driver\3.141.59\selenium-edge-driver-3.141.59.jar;C:\Users\i7\.m2\repository\org\seleniumhq\selenium\selenium-ie-driver\3.141.59\selenium-ie-driver-3.141.59.jar;C:\Users\i7\.m2\repository\org\seleniumhq\selenium\selenium-opera-driver\3.141.59\selenium-opera-driver-3.141.59.jar;C:\Users\i7\.m2\repository\org\seleniumhq\selenium\selenium-safari-driver\3.141.59\selenium-safari-driver-3.141.59.jar;C:\Users\i7\.m2\repository\org\seleniumhq\selenium\selenium-support\3.141.59\selenium-support-3.141.59.jar;C:\Users\i7\.m2\repository\net\bytebuddy\byte-buddy\1.8.15\byte-buddy-1.8.15.jar;C:\Users\i7\.m2\repository\org\apache\commons\commons-exec\1.3\commons-exec-1.3.jar;C:\Users\i7\.m2\repository\com\squareup\okhttp3\okhttp\3.11.0\okhttp-3.11.0.jar;C:\Users\i7\.m2\repository\com\squareup\okio\okio\1.14.0\okio-1.14.0.jar;C:\Users\i7\.m2\repository\org\seleniumhq\selenium\selenium-server\3.141.59\selenium-server-3.141.59.jar;C:\Users\i7\.m2\repository\com\beust\jcommander\1.72\jcommander-1.72.jar;C:\Users\i7\.m2\repository\net\jcip\jcip-annotations\1.0\jcip-annotations-1.0.jar;C:\Users\i7\.m2\repository\org\seleniumhq\selenium\jetty-repacked\9.4.12.v20180830\jetty-repacked-9.4.12.v20180830.jar;C:\Users\i7\.m2\repository\javax\servlet\javax.servlet-api\3.1.0\javax.servlet-api-3.1.0.jar;C:\Users\i7\.m2\repository\org\yaml\snakeyaml\1.19\snakeyaml-1.19.jar;C:\Users\i7\.m2\repository\org\seleniumhq\selenium\selenium-firefox-driver\3.141.59\selenium-firefox-driver-3.141.59.jar;C:\Users\i7\.m2\repository\org\seleniumhq\selenium\selenium-remote-driver\3.141.59\selenium-remote-driver-3.141.59.jar;C:\Users\i7\.m2\repository\org\seleniumhq\selenium\selenium-chrome-driver\3.141.59\selenium-chrome-driver-3.141.59.jar;C:\Users\i7\.m2\repository\org\seleniumhq\selenium\selenium-api\3.141.59\selenium-api-3.141.59.jar;C:\Users\i7\.m2\repository\io\appium\java-client\6.1.0\java-client-6.1.0.jar;C:\Users\i7\.m2\repository\com\google\code\gson\gson\2.8.4\gson-2.8.4.jar;C:\Users\i7\.m2\repository\org\apache\httpcomponents\httpclient\4.5.5\httpclient-4.5.5.jar;C:\Users\i7\.m2\repository\org\apache\httpcomponents\httpcore\4.4.9\httpcore-4.4.9.jar;C:\Users\i7\.m2\repository\commons-logging\commons-logging\1.2\commons-logging-1.2.jar;C:\Users\i7\.m2\repository\commons-codec\commons-codec\1.10\commons-codec-1.10.jar;C:\Users\i7\.m2\repository\cglib\cglib\3.2.6\cglib-3.2.6.jar;C:\Users\i7\.m2\repository\org\ow2\asm\asm\6.0\asm-6.0.jar;C:\Users\i7\.m2\repository\org\apache\ant\ant\1.9.6\ant-1.9.6.jar;C:\Users\i7\.m2\repository\org\apache\ant\ant-launcher\1.9.6\ant-launcher-1.9.6.jar;C:\Users\i7\.m2\repository\commons-validator\commons-validator\1.6\commons-validator-1.6.jar;C:\Users\i7\.m2\repository\commons-beanutils\commons-beanutils\1.9.2\commons-beanutils-1.9.2.jar;C:\Users\i7\.m2\repository\commons-digester\commons-digester\1.8.1\commons-digester-1.8.1.jar;C:\Users\i7\.m2\repository\commons-collections\commons-collections\3.2.2\commons-collections-3.2.2.jar;C:\Users\i7\.m2\repository\org\apache\commons\commons-lang3\3.7\commons-lang3-3.7.jar;C:\Users\i7\.m2\repository\commons-io\commons-io\2.6\commons-io-2.6.jar;C:\Users\i7\.m2\repository\org\springframework\spring-context\5.0.5.RELEASE\spring-context-5.0.5.RELEASE.jar;C:\Users\i7\.m2\repository\org\springframework\spring-aop\5.0.5.RELEASE\spring-aop-5.0.5.RELEASE.jar;C:\Users\i7\.m2\repository\org\springframework\spring-beans\5.0.5.RELEASE\spring-beans-5.0.5.RELEASE.jar;C:\Users\i7\.m2\repository\org\springframework\spring-core\5.0.5.RELEASE\spring-core-5.0.5.RELEASE.jar;C:\Users\i7\.m2\repository\org\springframework\spring-jcl\5.0.5.RELEASE\spring-jcl-5.0.5.RELEASE.jar;C:\Users\i7\.m2\repository\org\springframework\spring-expression\5.0.5.RELEASE\spring-expression-5.0.5.RELEASE.jar;C:\Users\i7\.m2\repository\org\aspectj\aspectjweaver\1.9.1\aspectjweaver-1.9.1.jar;C:\Users\i7\.m2\repository\org\openpnp\opencv\3.2.0-1\opencv-3.2.0-1.jar;C:\Users\i7\.m2\repository\info\cukes\cucumber-core\1.2.5\cucumber-core-1.2.5.jar;C:\Users\i7\.m2\repository\info\cukes\cucumber-html\0.2.3\cucumber-html-0.2.3.jar;C:\Users\i7\.m2\repository\info\cukes\cucumber-jvm-deps\1.0.5\cucumber-jvm-deps-1.0.5.jar;C:\Users\i7\.m2\repository\info\cukes\gherkin\2.12.2\gherkin-2.12.2.jar;C:\Users\i7\.m2\repository\info\cukes\cucumber-java\1.2.5\cucumber-java-1.2.5.jar;C:\Users\i7\.m2\repository\info\cukes\cucumber-picocontainer\1.2.5\cucumber-picocontainer-1.2.5.jar;C:\Users\i7\.m2\repository\org\picocontainer\picocontainer\2.15\picocontainer-2.15.jar;C:\Users\i7\.m2\repository\info\cukes\cucumber-junit\1.2.5\cucumber-junit-1.2.5.jar;C:\Users\i7\.m2\repository\net\masterthought\cucumber-reporting\3.9.0\cucumber-reporting-3.9.0.jar;C:\Users\i7\.m2\repository\org\apache\logging\log4j\log4j-api\2.8.2\log4j-api-2.8.2.jar;C:\Users\i7\.m2\repository\org\apache\logging\log4j\log4j-core\2.8.2\log4j-core-2.8.2.jar;C:\Users\i7\.m2\repository\com\fasterxml\jackson\core\jackson-databind\2.8.6\jackson-databind-2.8.6.jar;C:\Users\i7\.m2\repository\com\fasterxml\jackson\core\jackson-annotations\2.8.0\jackson-annotations-2.8.0.jar;C:\Users\i7\.m2\repository\com\fasterxml\jackson\core\jackson-core\2.8.6\jackson-core-2.8.6.jar;C:\Users\i7\.m2\repository\org\apache\velocity\velocity\1.7\velocity-1.7.jar;C:\Users\i7\.m2\repository\commons-lang\commons-lang\2.4\commons-lang-2.4.jar;C:\Users\i7\.m2\repository\velocity-tools\velocity-tools\1.4\velocity-tools-1.4.jar;C:\Users\i7\.m2\repository\joda-time\joda-time\2.9.9\joda-time-2.9.9.jar;C:\Users\i7\.m2\repository\net\lingala\zip4j\zip4j\1.3.2\zip4j-1.3.2.jar;C:\Users\i7\.m2\repository\org\codehaus\plexus\plexus-utils\3.0.24\plexus-utils-3.0.24.jar;C:\Users\i7\.m2\repository\org\jsoup\jsoup\1.10.3\jsoup-1.10.3.jar;C:\Users\i7\.m2\repository\com\googlecode\owasp-java-html-sanitizer\owasp-java-html-sanitizer\20170515.1\owasp-java-html-sanitizer-20170515.1.jar;C:\Users\i7\.m2\repository\com\vimalselvam\cucumber-extentsreport\3.0.2\cucumber-extentsreport-3.0.2.jar;C:\Users\i7\.m2\repository\com\aventstack\extentreports\3.1.2\extentreports-3.1.2.jar;C:\Users\i7\.m2\repository\org\freemarker\freemarker\2.3.23\freemarker-2.3.23.jar;C:\Users\i7\.m2\repository\org\mongodb\mongodb-driver\3.3.0\mongodb-driver-3.3.0.jar;C:\Users\i7\.m2\repository\org\mongodb\bson\3.3.0\bson-3.3.0.jar;C:\Users\i7\.m2\repository\org\mongodb\mongodb-driver-core\3.3.0\mongodb-driver-core-3.3.0.jar;C:\Users\i7\.m2\repository\org\apache\httpcomponents\httpmime\4.5.2\httpmime-4.5.2.jar;C:\Users\i7\.m2\repository\org\apache\commons\commons-math3\3.6\commons-math3-3.6.jar;C:\Users\i7\.m2\repository\org\json\json\20180813\json-20180813.jar;"/>
    <property name="java.vm.vendor" value="Oracle Corporation"/>
    <property name="sun.arch.data.model" value="64"/>
    <property name="user.variant" value=""/>
    <property name="java.vendor.url" value="http://java.oracle.com/"/>
    <property name="user.timezone" value="America/Santiago"/>
    <property name="java.vm.specification.version" value="1.8"/>
    <property name="os.name" value="Windows 10"/>
    <property name="user.country" value="CL"/>
    <property name="sun.java.launcher" value="SUN_STANDARD"/>
    <property name="sun.boot.library.path" value="C:\Program Files\Java\jdk1.8.0_221\jre\bin"/>
    <property name="sun.java.command" value="C:\Users\i7\AppData\Local\Temp\surefire847137461519213732\surefirebooter8848212421860957233.jar C:\Users\i7\AppData\Local\Temp\surefire847137461519213732 2019-10-30T14-20-00_749-jvmRun1 surefire2383349604157672112tmp surefire_026536283881956731tmp"/>
    <property name="surefire.test.class.path" value="C:\Users\i7\Desktop\PROYECTOS\APPIUM FALABELLA\proyecto_appium_falabella\target\test-classes;C:\Users\i7\Desktop\PROYECTOS\APPIUM FALABELLA\proyecto_appium_falabella\target\proyecto_appium_falabella-1.0-SNAPSHOT.jar;C:\Users\i7\.m2\repository\com\google\guava\guava\23.0\guava-23.0.jar;C:\Users\i7\.m2\repository\com\google\code\findbugs\jsr305\1.3.9\jsr305-1.3.9.jar;C:\Users\i7\.m2\repository\com\google\errorprone\error_prone_annotations\2.0.18\error_prone_annotations-2.0.18.jar;C:\Users\i7\.m2\repository\com\google\j2objc\j2objc-annotations\1.1\j2objc-annotations-1.1.jar;C:\Users\i7\.m2\repository\org\codehaus\mojo\animal-sniffer-annotations\1.14\animal-sniffer-annotations-1.14.jar;C:\Users\i7\.m2\repository\junit\junit\4.12\junit-4.12.jar;C:\Users\i7\.m2\repository\org\hamcrest\hamcrest-core\1.3\hamcrest-core-1.3.jar;C:\Users\i7\.m2\repository\org\seleniumhq\selenium\selenium-java\3.141.59\selenium-java-3.141.59.jar;C:\Users\i7\.m2\repository\org\seleniumhq\selenium\selenium-edge-driver\3.141.59\selenium-edge-driver-3.141.59.jar;C:\Users\i7\.m2\repository\org\seleniumhq\selenium\selenium-ie-driver\3.141.59\selenium-ie-driver-3.141.59.jar;C:\Users\i7\.m2\repository\org\seleniumhq\selenium\selenium-opera-driver\3.141.59\selenium-opera-driver-3.141.59.jar;C:\Users\i7\.m2\repository\org\seleniumhq\selenium\selenium-safari-driver\3.141.59\selenium-safari-driver-3.141.59.jar;C:\Users\i7\.m2\repository\org\seleniumhq\selenium\selenium-support\3.141.59\selenium-support-3.141.59.jar;C:\Users\i7\.m2\repository\net\bytebuddy\byte-buddy\1.8.15\byte-buddy-1.8.15.jar;C:\Users\i7\.m2\repository\org\apache\commons\commons-exec\1.3\commons-exec-1.3.jar;C:\Users\i7\.m2\repository\com\squareup\okhttp3\okhttp\3.11.0\okhttp-3.11.0.jar;C:\Users\i7\.m2\repository\com\squareup\okio\okio\1.14.0\okio-1.14.0.jar;C:\Users\i7\.m2\repository\org\seleniumhq\selenium\selenium-server\3.141.59\selenium-server-3.141.59.jar;C:\Users\i7\.m2\repository\com\beust\jcommander\1.72\jcommander-1.72.jar;C:\Users\i7\.m2\repository\net\jcip\jcip-annotations\1.0\jcip-annotations-1.0.jar;C:\Users\i7\.m2\repository\org\seleniumhq\selenium\jetty-repacked\9.4.12.v20180830\jetty-repacked-9.4.12.v20180830.jar;C:\Users\i7\.m2\repository\javax\servlet\javax.servlet-api\3.1.0\javax.servlet-api-3.1.0.jar;C:\Users\i7\.m2\repository\org\yaml\snakeyaml\1.19\snakeyaml-1.19.jar;C:\Users\i7\.m2\repository\org\seleniumhq\selenium\selenium-firefox-driver\3.141.59\selenium-firefox-driver-3.141.59.jar;C:\Users\i7\.m2\repository\org\seleniumhq\selenium\selenium-remote-driver\3.141.59\selenium-remote-driver-3.141.59.jar;C:\Users\i7\.m2\repository\org\seleniumhq\selenium\selenium-chrome-driver\3.141.59\selenium-chrome-driver-3.141.59.jar;C:\Users\i7\.m2\repository\org\seleniumhq\selenium\selenium-api\3.141.59\selenium-api-3.141.59.jar;C:\Users\i7\.m2\repository\io\appium\java-client\6.1.0\java-client-6.1.0.jar;C:\Users\i7\.m2\repository\com\google\code\gson\gson\2.8.4\gson-2.8.4.jar;C:\Users\i7\.m2\repository\org\apache\httpcomponents\httpclient\4.5.5\httpclient-4.5.5.jar;C:\Users\i7\.m2\repository\org\apache\httpcomponents\httpcore\4.4.9\httpcore-4.4.9.jar;C:\Users\i7\.m2\repository\commons-logging\commons-logging\1.2\commons-logging-1.2.jar;C:\Users\i7\.m2\repository\commons-codec\commons-codec\1.10\commons-codec-1.10.jar;C:\Users\i7\.m2\repository\cglib\cglib\3.2.6\cglib-3.2.6.jar;C:\Users\i7\.m2\repository\org\ow2\asm\asm\6.0\asm-6.0.jar;C:\Users\i7\.m2\repository\org\apache\ant\ant\1.9.6\ant-1.9.6.jar;C:\Users\i7\.m2\repository\org\apache\ant\ant-launcher\1.9.6\ant-launcher-1.9.6.jar;C:\Users\i7\.m2\repository\commons-validator\commons-validator\1.6\commons-validator-1.6.jar;C:\Users\i7\.m2\repository\commons-beanutils\commons-beanutils\1.9.2\commons-beanutils-1.9.2.jar;C:\Users\i7\.m2\repository\commons-digester\commons-digester\1.8.1\commons-digester-1.8.1.jar;C:\Users\i7\.m2\repository\commons-collections\commons-collections\3.2.2\commons-collections-3.2.2.jar;C:\Users\i7\.m2\repository\org\apache\commons\commons-lang3\3.7\commons-lang3-3.7.jar;C:\Users\i7\.m2\repository\commons-io\commons-io\2.6\commons-io-2.6.jar;C:\Users\i7\.m2\repository\org\springframework\spring-context\5.0.5.RELEASE\spring-context-5.0.5.RELEASE.jar;C:\Users\i7\.m2\repository\org\springframework\spring-aop\5.0.5.RELEASE\spring-aop-5.0.5.RELEASE.jar;C:\Users\i7\.m2\repository\org\springframework\spring-beans\5.0.5.RELEASE\spring-beans-5.0.5.RELEASE.jar;C:\Users\i7\.m2\repository\org\springframework\spring-core\5.0.5.RELEASE\spring-core-5.0.5.RELEASE.jar;C:\Users\i7\.m2\repository\org\springframework\spring-jcl\5.0.5.RELEASE\spring-jcl-5.0.5.RELEASE.jar;C:\Users\i7\.m2\repository\org\springframework\spring-expression\5.0.5.RELEASE\spring-expression-5.0.5.RELEASE.jar;C:\Users\i7\.m2\repository\org\aspectj\aspectjweaver\1.9.1\aspectjweaver-1.9.1.jar;C:\Users\i7\.m2\repository\org\openpnp\opencv\3.2.0-1\opencv-3.2.0-1.jar;C:\Users\i7\.m2\repository\info\cukes\cucumber-core\1.2.5\cucumber-core-1.2.5.jar;C:\Users\i7\.m2\repository\info\cukes\cucumber-html\0.2.3\cucumber-html-0.2.3.jar;C:\Users\i7\.m2\repository\info\cukes\cucumber-jvm-deps\1.0.5\cucumber-jvm-deps-1.0.5.jar;C:\Users\i7\.m2\repository\info\cukes\gherkin\2.12.2\gherkin-2.12.2.jar;C:\Users\i7\.m2\repository\info\cukes\cucumber-java\1.2.5\cucumber-java-1.2.5.jar;C:\Users\i7\.m2\repository\info\cukes\cucumber-picocontainer\1.2.5\cucumber-picocontainer-1.2.5.jar;C:\Users\i7\.m2\repository\org\picocontainer\picocontainer\2.15\picocontainer-2.15.jar;C:\Users\i7\.m2\repository\info\cukes\cucumber-junit\1.2.5\cucumber-junit-1.2.5.jar;C:\Users\i7\.m2\repository\net\masterthought\cucumber-reporting\3.9.0\cucumber-reporting-3.9.0.jar;C:\Users\i7\.m2\repository\org\apache\logging\log4j\log4j-api\2.8.2\log4j-api-2.8.2.jar;C:\Users\i7\.m2\repository\org\apache\logging\log4j\log4j-core\2.8.2\log4j-core-2.8.2.jar;C:\Users\i7\.m2\repository\com\fasterxml\jackson\core\jackson-databind\2.8.6\jackson-databind-2.8.6.jar;C:\Users\i7\.m2\repository\com\fasterxml\jackson\core\jackson-annotations\2.8.0\jackson-annotations-2.8.0.jar;C:\Users\i7\.m2\repository\com\fasterxml\jackson\core\jackson-core\2.8.6\jackson-core-2.8.6.jar;C:\Users\i7\.m2\repository\org\apache\velocity\velocity\1.7\velocity-1.7.jar;C:\Users\i7\.m2\repository\commons-lang\commons-lang\2.4\commons-lang-2.4.jar;C:\Users\i7\.m2\repository\velocity-tools\velocity-tools\1.4\velocity-tools-1.4.jar;C:\Users\i7\.m2\repository\joda-time\joda-time\2.9.9\joda-time-2.9.9.jar;C:\Users\i7\.m2\repository\net\lingala\zip4j\zip4j\1.3.2\zip4j-1.3.2.jar;C:\Users\i7\.m2\repository\org\codehaus\plexus\plexus-utils\3.0.24\plexus-utils-3.0.24.jar;C:\Users\i7\.m2\repository\org\jsoup\jsoup\1.10.3\jsoup-1.10.3.jar;C:\Users\i7\.m2\repository\com\googlecode\owasp-java-html-sanitizer\owasp-java-html-sanitizer\20170515.1\owasp-java-html-sanitizer-20170515.1.jar;C:\Users\i7\.m2\repository\com\vimalselvam\cucumber-extentsreport\3.0.2\cucumber-extentsreport-3.0.2.jar;C:\Users\i7\.m2\repository\com\aventstack\extentreports\3.1.2\extentreports-3.1.2.jar;C:\Users\i7\.m2\repository\org\freemarker\freemarker\2.3.23\freemarker-2.3.23.jar;C:\Users\i7\.m2\repository\org\mongodb\mongodb-driver\3.3.0\mongodb-driver-3.3.0.jar;C:\Users\i7\.m2\repository\org\mongodb\bson\3.3.0\bson-3.3.0.jar;C:\Users\i7\.m2\repository\org\mongodb\mongodb-driver-core\3.3.0\mongodb-driver-core-3.3.0.jar;C:\Users\i7\.m2\repository\org\apache\httpcomponents\httpmime\4.5.2\httpmime-4.5.2.jar;C:\Users\i7\.m2\repository\org\apache\commons\commons-math3\3.6\commons-math3-3.6.jar;C:\Users\i7\.m2\repository\org\json\json\20180813\json-20180813.jar;"/>
    <property name="sun.cpu.endian" value="little"/>
    <property name="user.home" value="C:\Users\i7"/>
    <property name="user.language" value="es"/>
    <property name="java.specification.vendor" value="Oracle Corporation"/>
    <property name="java.home" value="C:\Program Files\Java\jdk1.8.0_221\jre"/>
    <property name="basedir" value="C:\Users\i7\Desktop\PROYECTOS\APPIUM FALABELLA\proyecto_appium_falabella"/>
    <property name="file.separator" value="\"/>
    <property name="line.separator" value="&#10;"/>
    <property name="java.vm.specification.vendor" value="Oracle Corporation"/>
    <property name="java.specification.name" value="Java Platform API Specification"/>
    <property name="java.awt.graphicsenv" value="sun.awt.Win32GraphicsEnvironment"/>
    <property name="surefire.real.class.path" value="C:\Users\i7\AppData\Local\Temp\surefire847137461519213732\surefirebooter8848212421860957233.jar"/>
    <property name="sun.boot.class.path" value="C:\Program Files\Java\jdk1.8.0_221\jre\lib\resources.jar;C:\Program Files\Java\jdk1.8.0_221\jre\lib\rt.jar;C:\Program Files\Java\jdk1.8.0_221\jre\lib\sunrsasign.jar;C:\Program Files\Java\jdk1.8.0_221\jre\lib\jsse.jar;C:\Program Files\Java\jdk1.8.0_221\jre\lib\jce.jar;C:\Program Files\Java\jdk1.8.0_221\jre\lib\charsets.jar;C:\Program Files\Java\jdk1.8.0_221\jre\lib\jfr.jar;C:\Program Files\Java\jdk1.8.0_221\jre\classes"/>
    <property name="user.script" value=""/>
    <property name="sun.management.compiler" value="HotSpot 64-Bit Tiered Compilers"/>
    <property name="java.runtime.version" value="1.8.0_221-b11"/>
    <property name="user.name" value="i7"/>
    <property name="path.separator" value=";"/>
    <property name="os.version" value="10.0"/>
    <property name="java.endorsed.dirs" value="C:\Program Files\Java\jdk1.8.0_221\jre\lib\endorsed"/>
    <property name="java.runtime.name" value="Java(TM) SE Runtime Environment"/>
    <property name="file.encoding" value="Cp1252"/>
    <property name="java.vm.name" value="Java HotSpot(TM) 64-Bit Server VM"/>
    <property name="localRepository" value="C:\Users\i7\.m2\repository"/>
    <property name="java.vendor.url.bug" value="http://bugreport.sun.com/bugreport/"/>
    <property name="java.io.tmpdir" value="C:\Users\i7\AppData\Local\Temp\"/>
    <property name="java.version" value="1.8.0_221"/>
    <property name="user.dir" value="C:\Users\i7\Desktop\PROYECTOS\APPIUM FALABELLA\proyecto_appium_falabella"/>
    <property name="os.arch" value="amd64"/>
    <property name="java.vm.specification.name" value="Java Virtual Machine Specification"/>
    <property name="java.awt.printerjob" value="sun.awt.windows.WPrinterJob"/>
    <property name="sun.os.patch.level" value=""/>
    <property name="java.library.path" value="C:\Program Files\Java\jdk1.8.0_221\jre\bin;C:\WINDOWS\Sun\Java\bin;C:\WINDOWS\system32;C:\WINDOWS;C:\Program Files (x86)\Common Files\Oracle\Java\javapath;C:\Windows\system32;C:\Windows;C:\Windows\System32\Wbem;C:\Windows\System32\WindowsPowerShell\v1.0\;C:\MAVEN\apache-maven-3.6.1\bin;C:\Program Files\Git\cmd;C:\OJDBC-Full;C:\Program Files\NVIDIA Corporation\NVIDIA NvDLISR;C:\Program Files (x86)\NVIDIA Corporation\PhysX\Common;C:\WINDOWS\system32;C:\WINDOWS;C:\WINDOWS\System32\Wbem;C:\WINDOWS\System32\WindowsPowerShell\v1.0\;C:\WINDOWS\System32\OpenSSH\;C:\Program Files\Java\jdk1.8.0_221\;C:\Program Files\nodejs\;C:\Android\build-tools\build-tools;C:\Android\build-tools\tools;C:\Android\build-tools\platform-tools;C:\Android\build-tools\platform-tools\adb;\platform-tools\;C:\Android\build-tools\build-tools;C:\Android\build-tools\tools;C:\Android\build-tools\platform-tools;C:\Android\build-tools\platform-tools\adb;\build-tools\;C:\Android\build-tools\build-tools;C:\Android\build-tools\tools;C:\Android\build-tools\platform-tools;C:\Android\build-tools\platform-tools\adb;\tools\;C:\Program Files\Java\jdk1.8.0_221\bin;C:\Users\i7\AppData\Local\Microsoft\WindowsApps;C:\Users\i7\AppData\Roaming\npm;C:\Users\i7\AppData\Local\Google\Cloud SDK\google-cloud-sdk\bin;."/>
    <property name="java.vm.info" value="mixed mode"/>
    <property name="java.vendor" value="Oracle Corporation"/>
    <property name="java.vm.version" value="25.221-b11"/>
    <property name="java.ext.dirs" value="C:\Program Files\Java\jdk1.8.0_221\jre\lib\ext;C:\WINDOWS\Sun\Java\lib\ext"/>
    <property name="sun.io.unicode.encoding" value="UnicodeLittle"/>
    <property name="java.class.version" value="52.0"/>
  </properties>
  <testcase name="Given existen los campos" classname="| &quot;ivan.mmeneses28@gmail.com&quot; | &quot;12345&quot; |" time="0.016">
    <error message="An element could not be located on the page using the given search parameters. (WARNING: The server did not provide any stacktrace information)&#10;Command duration or timeout: 0 milliseconds&#10;For documentation on this error, please visit: https://www.seleniumhq.org/exceptions/no_such_element.html&#10;Build info: version: &apos;3.141.59&apos;, revision: &apos;e82be7d358&apos;, time: &apos;2018-11-14T08:17:03&apos;&#10;System info: host: &apos;DESKTOP-4T1H1KL&apos;, ip: &apos;192.168.133.2&apos;, os.name: &apos;Windows 10&apos;, os.arch: &apos;amd64&apos;, os.version: &apos;10.0&apos;, java.version: &apos;1.8.0_221&apos;&#10;Driver info: io.appium.java_client.android.AndroidDriver&#10;Capabilities {app: C:\Users\i7\Desktop\PROYECT..., appActivity: com.flipkart.android.Splash..., appPackage: com.flipkart.android, appWaitActivity: com.flipkart.android.Splash..., appWaitPackage: com.flipkart.android, databaseEnabled: false, desired: {app: C:\Users\i7\Desktop\PROYECT..., deviceName: Samsung Galaxy S7, platformName: android, udid: 192.168.133.101:5555}, deviceManufacturer: Genymotion, deviceModel: Samsung Galaxy S7, deviceName: 192.168.133.101:5555, deviceScreenSize: 1440x2560, deviceUDID: 192.168.133.101:5555, javascriptEnabled: true, locationContextEnabled: false, networkConnectionEnabled: true, platform: LINUX, platformName: Android, platformVersion: 7.1.1, takesScreenshot: true, udid: 192.168.133.101:5555, warnings: {}, webStorageEnabled: false}&#10;Session ID: 2ea12800-ee49-4d6c-9263-b976baba8c58&#10;*** Element info: {Using=id, value=com.flipkart.android:id/mainMenu}" type="org.openqa.selenium.NoSuchElementException">org.openqa.selenium.NoSuchElementException: 
An element could not be located on the page using the given search parameters. (WARNING: The server did not provide any stacktrace information)
Command duration or timeout: 0 milliseconds
For documentation on this error, please visit: https://www.seleniumhq.org/exceptions/no_such_element.html
Build info: version: '3.141.59', revision: 'e82be7d358', time: '2018-11-14T08:17:03'
System info: host: 'DESKTOP-4T1H1KL', ip: '192.168.133.2', os.name: 'Windows 10', os.arch: 'amd64', os.version: '10.0', java.version: '1.8.0_221'
Driver info: io.appium.java_client.android.AndroidDriver
Capabilities {app: C:\Users\i7\Desktop\PROYECT..., appActivity: com.flipkart.android.Splash..., appPackage: com.flipkart.android, appWaitActivity: com.flipkart.android.Splash..., appWaitPackage: com.flipkart.android, databaseEnabled: false, desired: {app: C:\Users\i7\Desktop\PROYECT..., deviceName: Samsung Galaxy S7, platformName: android, udid: 192.168.133.101:5555}, deviceManufacturer: Genymotion, deviceModel: Samsung Galaxy S7, deviceName: 192.168.133.101:5555, deviceScreenSize: 1440x2560, deviceUDID: 192.168.133.101:5555, javascriptEnabled: true, locationContextEnabled: false, networkConnectionEnabled: true, platform: LINUX, platformName: Android, platformVersion: 7.1.1, takesScreenshot: true, udid: 192.168.133.101:5555, warnings: {}, webStorageEnabled: false}
Session ID: 2ea12800-ee49-4d6c-9263-b976baba8c58
*** Element info: {Using=id, value=com.flipkart.android:id/mainMenu}
</error>
    <system-out><![CDATA[@Login
Feature: Iniciar Sesion

  @TestCaseKey=FAL-T1
  Scenario Outline: Hacer Login                   &amp#27;[90m# Login.feature:6&amp#27;[0m
    &amp#27;[36mGiven &amp#27;[0m&amp#27;[36mexisten los campos&amp#27;[0m
    &amp#27;[36mWhen &amp#27;[0m&amp#27;[36mingreso usuario<user> y contraseña<pass>&amp#27;[0m
    &amp#27;[36mThen &amp#27;[0m&amp#27;[36mhago click en boton ingresar&amp#27;[0m

    Examples: 
]]></system-out>
    <system-err><![CDATA[Oct 30, 2019 2:20:25 PM io.appium.java_client.remote.AppiumCommandExecutor$1 lambda$0
INFO: Detected dialect: OSS
]]></system-err>
  </testcase>
  <testcase name="| &quot;ivan.mmeneses28@gmail.com&quot; | &quot;12345&quot; |" classname="| &quot;ivan.mmeneses28@gmail.com&quot; | &quot;12345&quot; |" time="0.018">
    <error message="An element could not be located on the page using the given search parameters. (WARNING: The server did not provide any stacktrace information)&#10;Command duration or timeout: 0 milliseconds&#10;For documentation on this error, please visit: https://www.seleniumhq.org/exceptions/no_such_element.html&#10;Build info: version: &apos;3.141.59&apos;, revision: &apos;e82be7d358&apos;, time: &apos;2018-11-14T08:17:03&apos;&#10;System info: host: &apos;DESKTOP-4T1H1KL&apos;, ip: &apos;192.168.133.2&apos;, os.name: &apos;Windows 10&apos;, os.arch: &apos;amd64&apos;, os.version: &apos;10.0&apos;, java.version: &apos;1.8.0_221&apos;&#10;Driver info: io.appium.java_client.android.AndroidDriver&#10;Capabilities {app: C:\Users\i7\Desktop\PROYECT..., appActivity: com.flipkart.android.Splash..., appPackage: com.flipkart.android, appWaitActivity: com.flipkart.android.Splash..., appWaitPackage: com.flipkart.android, databaseEnabled: false, desired: {app: C:\Users\i7\Desktop\PROYECT..., deviceName: Samsung Galaxy S7, platformName: android, udid: 192.168.133.101:5555}, deviceManufacturer: Genymotion, deviceModel: Samsung Galaxy S7, deviceName: 192.168.133.101:5555, deviceScreenSize: 1440x2560, deviceUDID: 192.168.133.101:5555, javascriptEnabled: true, locationContextEnabled: false, networkConnectionEnabled: true, platform: LINUX, platformName: Android, platformVersion: 7.1.1, takesScreenshot: true, udid: 192.168.133.101:5555, warnings: {}, webStorageEnabled: false}&#10;Session ID: 2ea12800-ee49-4d6c-9263-b976baba8c58&#10;*** Element info: {Using=id, value=com.flipkart.android:id/mainMenu}" type="org.openqa.selenium.NoSuchElementException">org.openqa.selenium.NoSuchElementException: 
An element could not be located on the page using the given search parameters. (WARNING: The server did not provide any stacktrace information)
Command duration or timeout: 0 milliseconds
For documentation on this error, please visit: https://www.seleniumhq.org/exceptions/no_such_element.html
Build info: version: '3.141.59', revision: 'e82be7d358', time: '2018-11-14T08:17:03'
System info: host: 'DESKTOP-4T1H1KL', ip: '192.168.133.2', os.name: 'Windows 10', os.arch: 'amd64', os.version: '10.0', java.version: '1.8.0_221'
Driver info: io.appium.java_client.android.AndroidDriver
Capabilities {app: C:\Users\i7\Desktop\PROYECT..., appActivity: com.flipkart.android.Splash..., appPackage: com.flipkart.android, appWaitActivity: com.flipkart.android.Splash..., appWaitPackage: com.flipkart.android, databaseEnabled: false, desired: {app: C:\Users\i7\Desktop\PROYECT..., deviceName: Samsung Galaxy S7, platformName: android, udid: 192.168.133.101:5555}, deviceManufacturer: Genymotion, deviceModel: Samsung Galaxy S7, deviceName: 192.168.133.101:5555, deviceScreenSize: 1440x2560, deviceUDID: 192.168.133.101:5555, javascriptEnabled: true, locationContextEnabled: false, networkConnectionEnabled: true, platform: LINUX, platformName: Android, platformVersion: 7.1.1, takesScreenshot: true, udid: 192.168.133.101:5555, warnings: {}, webStorageEnabled: false}
Session ID: 2ea12800-ee49-4d6c-9263-b976baba8c58
*** Element info: {Using=id, value=com.flipkart.android:id/mainMenu}
</error>
  </testcase>
  <testcase name="When ingreso usuario&quot;ivan.mmeneses28@gmail.com&quot; y contraseña&quot;12345&quot;" classname="| &quot;ivan.mmeneses28@gmail.com&quot; | &quot;12345&quot; |" time="0">
    <skipped/>
  </testcase>
  <testcase name="Then hago click en boton ingresar" classname="| &quot;ivan.mmeneses28@gmail.com&quot; | &quot;12345&quot; |" time="0">
    <skipped/>
  </testcase>
</testsuite>